# JRE version: OpenJDK Runtime Environment (8.0_242-b01) (build 1.8.0_242-release-1644-b01)
# Java VM: OpenJDK 64-Bit Server VM (25.242-b01 mixed mode windows-amd64 compressed oops)
Heap:
 PSYoungGen      total 638976K, used 414977K [0x00000000d5580000, 0x00000000ff300000, 0x0000000100000000)
  eden space 608256K, 63% used [0x00000000d5580000,0x00000000eccc1c50,0x00000000fa780000)
  from space 30720K, 99% used [0x00000000fd500000,0x00000000ff2fe7f8,0x00000000ff300000)
  to   space 37888K, 0% used [0x00000000fa900000,0x00000000fa900000,0x00000000fce00000)
 ParOldGen       total 158720K, used 73477K [0x0000000080000000, 0x0000000089b00000, 0x00000000d5580000)
  object space 158720K, 46% used [0x0000000080000000,0x00000000847c14c8,0x0000000089b00000)
 Metaspace       used 101019K, capacity 105794K, committed 105880K, reserved 1140736K
  class space    used 13382K, capacity 14247K, committed 14248K, reserved 1048576K
GC Heap History (10 events):
Event: 26.018 GC heap before
{Heap before GC invocations=14 (full 3):
 PSYoungGen      total 369664K, used 349453K [0x00000000d5580000, 0x00000000edd00000, 0x0000000100000000)
  eden space 351744K, 99% used [0x00000000d5580000,0x00000000eaac3740,0x00000000ead00000)
  from space 17920K, 0% used [0x00000000ec380000,0x00000000ec380000,0x00000000ed500000)
  to   space 23040K, 0% used [0x00000000ead00000,0x00000000ead00000,0x00000000ec380000)
 ParOldGen       total 100864K, used 39720K [0x0000000080000000, 0x0000000086280000, 0x00000000d5580000)
  object space 100864K, 39% used [0x0000000080000000,0x00000000826ca0f8,0x0000000086280000)
 Metaspace       used 74502K, capacity 77780K, committed 77976K, reserved 1116160K
  class space    used 10001K, capacity 10605K, committed 10664K, reserved 1048576K
Event: 26.406 GC heap after
Heap after GC invocations=14 (full 3):
 PSYoungGen      total 374784K, used 23034K [0x00000000d5580000, 0x00000000f6a00000, 0x0000000100000000)
  eden space 351744K, 0% used [0x00000000d5580000,0x00000000d5580000,0x00000000ead00000)
  from space 23040K, 99% used [0x00000000ead00000,0x00000000ec37e8e8,0x00000000ec380000)
  to   space 32256K, 0% used [0x00000000f4a80000,0x00000000f4a80000,0x00000000f6a00000)
 ParOldGen       total 100864K, used 56322K [0x0000000080000000, 0x0000000086280000, 0x00000000d5580000)
  object space 100864K, 55% used [0x0000000080000000,0x0000000083700850,0x0000000086280000)
 Metaspace       used 74502K, capacity 77780K, committed 77976K, reserved 1116160K
  class space    used 10001K, capacity 10605K, committed 10664K, reserved 1048576K
}
Event: 50.798 GC heap before
{Heap before GC invocations=15 (full 3):
 PSYoungGen      total 374784K, used 374778K [0x00000000d5580000, 0x00000000f6a00000, 0x0000000100000000)
  eden space 351744K, 100% used [0x00000000d5580000,0x00000000ead00000,0x00000000ead00000)
  from space 23040K, 99% used [0x00000000ead00000,0x00000000ec37e8e8,0x00000000ec380000)
  to   space 32256K, 0% used [0x00000000f4a80000,0x00000000f4a80000,0x00000000f6a00000)
 ParOldGen       total 100864K, used 56328K [0x0000000080000000, 0x0000000086280000, 0x00000000d5580000)
  object space 100864K, 55% used [0x0000000080000000,0x0000000083702088,0x0000000086280000)
 Metaspace       used 80891K, capacity 84600K, committed 84760K, reserved 1122304K
  class space    used 10722K, capacity 11451K, committed 11560K, reserved 1048576K
Event: 50.955 GC heap after
Heap after GC invocations=15 (full 3):
 PSYoungGen      total 490496K, used 15866K [0x00000000d5580000, 0x00000000f5e80000, 0x0000000100000000)
  eden space 470016K, 0% used [0x00000000d5580000,0x00000000d5580000,0x00000000f2080000)
  from space 20480K, 77% used [0x00000000f4a80000,0x00000000f59febe0,0x00000000f5e80000)
  to   space 31744K, 0% used [0x00000000f2080000,0x00000000f2080000,0x00000000f3f80000)
 ParOldGen       total 100864K, used 79070K [0x0000000080000000, 0x0000000086280000, 0x00000000d5580000)
  object space 100864K, 78% used [0x0000000080000000,0x0000000084d378a0,0x0000000086280000)
 Metaspace       used 80891K, capacity 84600K, committed 84760K, reserved 1122304K
  class space    used 10722K, capacity 11451K, committed 11560K, reserved 1048576K
}
Event: 77.661 GC heap before
{Heap before GC invocations=16 (full 3):
 PSYoungGen      total 490496K, used 485882K [0x00000000d5580000, 0x00000000f5e80000, 0x0000000100000000)
  eden space 470016K, 100% used [0x00000000d5580000,0x00000000f2080000,0x00000000f2080000)
  from space 20480K, 77% used [0x00000000f4a80000,0x00000000f59febe0,0x00000000f5e80000)
  to   space 31744K, 0% used [0x00000000f2080000,0x00000000f2080000,0x00000000f3f80000)
 ParOldGen       total 100864K, used 79070K [0x0000000080000000, 0x0000000086280000, 0x00000000d5580000)
  object space 100864K, 78% used [0x0000000080000000,0x0000000084d378a0,0x0000000086280000)
 Metaspace       used 85633K, capacity 89366K, committed 89624K, reserved 1126400K
  class space    used 11327K, capacity 12050K, committed 12072K, reserved 1048576K
Event: 78.168 GC heap after
Heap after GC invocations=16 (full 3):
 PSYoungGen      total 501760K, used 8484K [0x00000000d5580000, 0x00000000ff300000, 0x0000000100000000)
  eden space 470016K, 0% used [0x00000000d5580000,0x00000000d5580000,0x00000000f2080000)
  from space 31744K, 26% used [0x00000000f2080000,0x00000000f28c9288,0x00000000f3f80000)
  to   space 30720K, 0% used [0x00000000fd500000,0x00000000fd500000,0x00000000ff300000)
 ParOldGen       total 100864K, used 88119K [0x0000000080000000, 0x0000000086280000, 0x00000000d5580000)
  object space 100864K, 87% used [0x0000000080000000,0x000000008560dda0,0x0000000086280000)
 Metaspace       used 85633K, capacity 89366K, committed 89624K, reserved 1126400K
  class space    used 11327K, capacity 12050K, committed 12072K, reserved 1048576K
}
Event: 78.168 GC heap before
{Heap before GC invocations=17 (full 4):
 PSYoungGen      total 501760K, used 8484K [0x00000000d5580000, 0x00000000ff300000, 0x0000000100000000)
  eden space 470016K, 0% used [0x00000000d5580000,0x00000000d5580000,0x00000000f2080000)
  from space 31744K, 26% used [0x00000000f2080000,0x00000000f28c9288,0x00000000f3f80000)
  to   space 30720K, 0% used [0x00000000fd500000,0x00000000fd500000,0x00000000ff300000)
 ParOldGen       total 100864K, used 88119K [0x0000000080000000, 0x0000000086280000, 0x00000000d5580000)
  object space 100864K, 87% used [0x0000000080000000,0x000000008560dda0,0x0000000086280000)
 Metaspace       used 85633K, capacity 89366K, committed 89624K, reserved 1126400K
  class space    used 11327K, capacity 12050K, committed 12072K, reserved 1048576K
Event: 79.541 GC heap after
Heap after GC invocations=17 (full 4):
 PSYoungGen      total 501760K, used 0K [0x00000000d5580000, 0x00000000ff300000, 0x0000000100000000)
  eden space 470016K, 0% used [0x00000000d5580000,0x00000000d5580000,0x00000000f2080000)
  from space 31744K, 0% used [0x00000000f2080000,0x00000000f2080000,0x00000000f3f80000)
  to   space 30720K, 0% used [0x00000000fd500000,0x00000000fd500000,0x00000000ff300000)
 ParOldGen       total 158720K, used 67269K [0x0000000080000000, 0x0000000089b00000, 0x00000000d5580000)
  object space 158720K, 42% used [0x0000000080000000,0x00000000841b1508,0x0000000089b00000)
 Metaspace       used 85583K, capacity 89222K, committed 89624K, reserved 1126400K
  class space    used 11313K, capacity 12024K, committed 12072K, reserved 1048576K
}
Event: 94.354 GC heap before
{Heap before GC invocations=18 (full 4):
 PSYoungGen      total 501760K, used 470016K [0x00000000d5580000, 0x00000000ff300000, 0x0000000100000000)
  eden space 470016K, 100% used [0x00000000d5580000,0x00000000f2080000,0x00000000f2080000)
  from space 31744K, 0% used [0x00000000f2080000,0x00000000f2080000,0x00000000f3f80000)
  to   space 30720K, 0% used [0x00000000fd500000,0x00000000fd500000,0x00000000ff300000)
 ParOldGen       total 158720K, used 67269K [0x0000000080000000, 0x0000000089b00000, 0x00000000d5580000)
  object space 158720K, 42% used [0x0000000080000000,0x00000000841b1508,0x0000000089b00000)
 Metaspace       used 94650K, capacity 98670K, committed 98840K, reserved 1134592K
  class space    used 12553K, capacity 13293K, committed 13352K, reserved 1048576K
Event: 94.467 GC heap after
Heap after GC invocations=18 (full 4):
 PSYoungGen      total 638976K, used 30713K [0x00000000d5580000, 0x00000000ff300000, 0x0000000100000000)
  eden space 608256K, 0% used [0x00000000d5580000,0x00000000d5580000,0x00000000fa780000)
  from space 30720K, 99% used [0x00000000fd500000,0x00000000ff2fe7f8,0x00000000ff300000)
  to   space 37888K, 0% used [0x00000000fa900000,0x00000000fa900000,0x00000000fce00000)
 ParOldGen       total 158720K, used 73477K [0x0000000080000000, 0x0000000089b00000, 0x00000000d5580000)
  object space 158720K, 46% used [0x0000000080000000,0x00000000847c14c8,0x0000000089b00000)
 Metaspace       used 94650K, capacity 98670K, committed 98840K, reserved 1134592K
  class space    used 12553K, capacity 13293K, committed 13352K, reserved 1048576K
}

